sizeof(UINT)  = 8 (should be 4 or 8)
sizeof(UREAL) = 4 (should be 4 or 8)
10000000 trials and 64 bins with seed 1
First random number 0.720041
  0 156665
  1 156070
  2 155227
  3 155928
  4 156837
  5 157179
  6 156354
  7 156131
  8 156709
  9 156443
 10 155702
 11 156149
 12 156443
 13 156537
 14 156246
 15 155864
 16 156568
 17 155851
 18 155921
 19 155961
 20 155975
 21 156580
 22 155896
 23 155848
 24 156131
 25 157103
 26 156436
 27 157050
 28 156251
 29 156364
 30 156434
 31 156329
 32 156818
 33 156383
 34 155872
 35 156568
 36 156346
 37 156018
 38 155516
 39 156711
 40 156285
 41 156853
 42 155904
 43 155817
 44 156055
 45 156345
 46 156614
 47 156402
 48 156355
 49 155692
 50 156099
 51 155948
 52 155846
 53 156373
 54 155943
 55 156121
 56 156049
 57 156556
 58 155836
 59 155906
 60 156959
 61 156521
 62 155672
 63 156435
Chi-squared_63 65.1177
Following should be roughly N(0,1): 0.231731
