sizeof(UINT)  = 4 (should be 4 or 8)
sizeof(UREAL) = 4 (should be 4 or 8)
10000000 trials and 64 bins with seed 1
First random number 0.152044
  0 156548
  1 156110
  2 156504
  3 156602
  4 156970
  5 156436
  6 155900
  7 156727
  8 156658
  9 155868
 10 156124
 11 155515
 12 156798
 13 156250
 14 155770
 15 155819
 16 156391
 17 155706
 18 155823
 19 156022
 20 155710
 21 156219
 22 156269
 23 156436
 24 156284
 25 156579
 26 156233
 27 155779
 28 156319
 29 156681
 30 155089
 31 156178
 32 156740
 33 156482
 34 156222
 35 156279
 36 155760
 37 156849
 38 157158
 39 156095
 40 155684
 41 156569
 42 156182
 43 155784
 44 155734
 45 156097
 46 156152
 47 156329
 48 156087
 49 156177
 50 156652
 51 156581
 52 156435
 53 155538
 54 156563
 55 157009
 56 155717
 57 155879
 58 156104
 59 156722
 60 156651
 61 156806
 62 155842
 63 156804
Chi-squared_63 72.6872
Following should be roughly N(0,1): 0.876793
