sizeof(UINT)  = 4 (should be 4 or 8)
sizeof(UREAL) = 8 (should be 4 or 8)
10000000 trials and 64 bins with seed 1
First random number 0.152044
  0 156300
  1 155777
  2 156604
  3 156302
  4 156564
  5 156262
  6 156060
  7 156663
  8 156463
  9 155459
 10 156573
 11 156275
 12 156558
 13 156263
 14 156077
 15 156422
 16 156366
 17 155690
 18 155632
 19 156391
 20 156316
 21 156617
 22 155585
 23 156520
 24 156454
 25 156410
 26 155977
 27 156105
 28 156552
 29 156439
 30 155311
 31 155913
 32 156558
 33 155972
 34 156403
 35 156153
 36 155538
 37 157160
 38 156358
 39 156325
 40 155498
 41 156168
 42 156208
 43 155855
 44 156149
 45 155627
 46 156627
 47 156479
 48 156111
 49 155987
 50 156341
 51 156607
 52 156809
 53 155525
 54 156450
 55 156703
 56 155779
 57 156227
 58 156236
 59 157060
 60 156279
 61 156632
 62 156216
 63 157060
Chi-squared_63 64.8234
Following should be roughly N(0,1): 0.205918
